<?xml version="1.0" encoding="utf-8"?><testsuites name="pytest tests"><testsuite name="pytest" errors="0" failures="0" skipped="0" tests="68" time="62.591" timestamp="2026-09-23T19:13:55.416177+05:30" hostname="SR"><testcase classname="tests.test_application" name="test_page_loads[Command Center]" time="17.437" /><testcase classname="tests.test_application" name="test_page_loads[Pipeline Flow]" time="0.824" /><testcase classname="tests.test_application" name="test_page_loads[Revenue Outlook]" time="0.413" /><testcase classname="tests.test_application" name="test_page_loads[Opportunity Desk]" time="1.118" /><testcase classname="tests.test_application" name="test_page_loads[Opportunity Detail]" time="0.327" /><testcase classname="tests.test_application" name="test_page_loads[Sales Performance]" time="1.134" /><testcase classname="tests.test_application" name="test_page_loads[Funnel Diagnostics]" time="1.007" /><testcase classname="tests.test_application" name="test_page_loads[Customer &amp; Market]" time="1.658" /><testcase classname="tests.test_application" name="test_page_loads[Scenario Lab]" time="0.334" /><testcase classname="tests.test_application" name="test_page_loads[Action Queue]" time="1.858" /><testcase classname="tests.test_application" name="test_page_loads[Data Explorer]" time="1.107" /><testcase classname="tests.test_application" name="test_page_loads[Methodology]" time="0.302" /><testcase classname="tests.test_application" name="test_scenario_widget_changes_revenue" time="1.173" /><testcase classname="tests.test_application" name="test_empty_search_state" time="2.922" /><testcase classname="tests.test_application" name="test_global_region_filter" time="7.393" /><testcase classname="tests.test_application" name="test_unallocated_quota_warning" time="4.555" /><testcase classname="tests.test_application" name="test_detail_indexed_lookup" time="0.004" /><testcase classname="tests.test_application" name="test_all_sql_and_reconciliation" time="8.484" /><testcase classname="tests.test_application" name="test_database_integrity" time="6.958" /><testcase classname="tests.test_application" name="test_missing_database_recovery_message" time="0.226" /><testcase classname="tests.test_application" name="test_invalid_opportunity_has_useful_message" time="0.951" /><testcase classname="tests.test_core" name="test_generation_reproducible" time="0.293" /><testcase classname="tests.test_core" name="test_generation_size_and_keys" time="0.179" /><testcase classname="tests.test_core" name="test_advanced_activities_require_observed_stage" time="0.007" /><testcase classname="tests.test_core" name="test_segment_value_relationship" time="0.002" /><testcase classname="tests.test_core" name="test_censoring" time="0.001" /><testcase classname="tests.test_core" name="test_early_dropout" time="0.003" /><testcase classname="tests.test_core" name="test_cleaning_removes_duplicates" time="0.051" /><testcase classname="tests.test_core" name="test_invalid_financials_quarantined" time="0.040" /><testcase classname="tests.test_core" name="test_quality_after_repairs" time="0.178" /><testcase classname="tests.test_core" name="test_validation_rejects_orphans" time="0.003" /><testcase classname="tests.test_core" name="test_money_identity" time="0.001" /><testcase classname="tests.test_core" name="test_cycle_from_dates" time="0.001" /><testcase classname="tests.test_core" name="test_kpi_partition" time="0.017" /><testcase classname="tests.test_core" name="test_win_rate_resolved_only" time="0.024" /><testcase classname="tests.test_core" name="test_empty_denominator" time="0.001" /><testcase classname="tests.test_core" name="test_inr_grouping" time="0.001" /><testcase classname="tests.test_core" name="test_funnel_counts_and_censoring" time="0.038" /><testcase classname="tests.test_core" name="test_funnel_cohort_filter" time="0.028" /><testcase classname="tests.test_core" name="test_stage_probability_no_future_leak" time="0.015" /><testcase classname="tests.test_core" name="test_snapshot_ignores_future_stage_and_outcomes" time="0.030" /><testcase classname="tests.test_core" name="test_forecast_metrics_exact" time="0.001" /><testcase classname="tests.test_core" name="test_mape_zero_actual_handled" time="0.001" /><testcase classname="tests.test_core" name="test_baselines_exact" time="0.001" /><testcase classname="tests.test_core" name="test_forecast_split_and_reconciliation" time="0.213" /><testcase classname="tests.test_core" name="test_monthly_calendar_fills_zeros" time="0.004" /><testcase classname="tests.test_core" name="test_partial_month_forecast_calendar_and_seasonal_alignment" time="0.207" /><testcase classname="tests.test_core" name="test_risk_bounds_and_closed_exclusion" time="0.002" /><testcase classname="tests.test_core" name="test_risk_monotonic_for_activity" time="0.025" /><testcase classname="tests.test_core" name="test_health_components_sum" time="0.007" /><testcase classname="tests.test_core" name="test_scenario_baseline_exact" time="0.009" /><testcase classname="tests.test_core" name="test_scenario_win_monotonic" time="0.012" /><testcase classname="tests.test_core" name="test_scenario_discount_decreases_bookings" time="0.012" /><testcase classname="tests.test_core" name="test_scenario_target_not_revenue" time="0.012" /><testcase classname="tests.test_core" name="test_scenario_invalid_input" time="0.001" /><testcase classname="tests.test_core" name="test_target_period_alignment" time="0.022" /><testcase classname="tests.test_core" name="test_recommendation_evidence_reconciles" time="0.271" /><testcase classname="tests.test_handchecked" name="test_handchecked_bookings_inventory_and_rates" time="0.011" /><testcase classname="tests.test_handchecked" name="test_handchecked_quota_and_coverage" time="0.013" /><testcase classname="tests.test_handchecked" name="test_handchecked_risk_and_health" time="0.016" /><testcase classname="tests.test_handchecked" name="test_handchecked_scenario" time="0.010" /><testcase classname="tests.test_handchecked" name="test_handchecked_funnel_pending_denominator" time="0.021" /><testcase classname="tests.test_handchecked" name="test_handchecked_revenue_growth_and_forecast_variance" time="0.002" /><testcase classname="tests.test_handchecked" name="test_scenario_rejects_invalid_planning_inputs[override0]" time="0.003" /><testcase classname="tests.test_handchecked" name="test_scenario_rejects_invalid_planning_inputs[override1]" time="0.003" /><testcase classname="tests.test_handchecked" name="test_scenario_rejects_invalid_planning_inputs[override2]" time="0.003" /><testcase classname="tests.test_handchecked" name="test_scenario_rejects_invalid_planning_inputs[override3]" time="0.003" /><testcase classname="tests.test_handchecked" name="test_scenario_rejects_invalid_planning_inputs[override4]" time="0.004" /></testsuite></testsuites>